2020-04-02 15:56:24.550 logback [main] INFO  c.l.l.l.LdmallProductServiceApplication - Starting LdmallProductServiceApplication on mocar with PID 16152 (D:\dubbo_project\ldmall\ldmall-service\ldmall-product-service\target\classes started by mocar in D:\dubbo_project\ldmall)
2020-04-02 15:56:24.552 logback [main] INFO  c.l.l.l.LdmallProductServiceApplication - The following profiles are active: dev
2020-04-02 15:56:25.830 logback [main] INFO  o.s.b.w.e.tomcat.TomcatWebServer - Tomcat initialized with port(s): 9137 (http)
2020-04-02 15:56:25.884 logback [main] INFO  o.a.coyote.http11.Http11NioProtocol - Initializing ProtocolHandler ["http-nio-9137"]
2020-04-02 15:56:25.904 logback [main] INFO  o.a.catalina.core.StandardService - Starting service [Tomcat]
2020-04-02 15:56:25.905 logback [main] INFO  o.a.catalina.core.StandardEngine - Starting Servlet engine: [Apache Tomcat/9.0.16]
2020-04-02 15:56:25.917 logback [main] INFO  o.a.c.core.AprLifecycleListener - An older version [1.2.16] of the APR based Apache Tomcat Native library is installed, while Tomcat recommends a minimum version of [1.2.21]
2020-04-02 15:56:25.918 logback [main] INFO  o.a.c.core.AprLifecycleListener - Loaded APR based Apache Tomcat Native library [1.2.16] using APR version [1.6.3].
2020-04-02 15:56:25.918 logback [main] INFO  o.a.c.core.AprLifecycleListener - APR capabilities: IPv6 [true], sendfile [true], accept filters [false], random [true].
2020-04-02 15:56:25.918 logback [main] INFO  o.a.c.core.AprLifecycleListener - APR/OpenSSL configuration: useAprConnector [false], useOpenSSL [true]
2020-04-02 15:56:27.096 logback [main] INFO  o.a.c.core.AprLifecycleListener - OpenSSL successfully initialized [OpenSSL 1.0.2m  2 Nov 2017]
2020-04-02 15:56:27.293 logback [main] INFO  o.a.c.c.C.[Tomcat].[localhost].[/] - Initializing Spring embedded WebApplicationContext
2020-04-02 15:56:27.293 logback [main] INFO  o.s.web.context.ContextLoader - Root WebApplicationContext: initialization completed in 2711 ms
2020-04-02 15:56:27.399 logback [main] INFO  c.a.d.s.b.a.DruidDataSourceAutoConfigure - Init DruidDataSource
2020-04-02 15:56:28.474 logback [main] INFO  c.alibaba.druid.pool.DruidDataSource - {dataSource-1} inited
2020-04-02 15:56:28.826 logback [main] INFO  o.s.s.c.ThreadPoolTaskExecutor - Initializing ExecutorService 'applicationTaskExecutor'
2020-04-02 15:56:28.900 logback [main] INFO  t.m.m.a.MapperCacheDisabler - Clear tk.mybatis.mapper.util.MsUtil CLASS_CACHE cache.
2020-04-02 15:56:28.901 logback [main] INFO  t.m.m.a.MapperCacheDisabler - Clear tk.mybatis.mapper.genid.GenIdUtil CACHE cache.
2020-04-02 15:56:28.901 logback [main] INFO  t.m.m.a.MapperCacheDisabler - Clear tk.mybatis.mapper.version.VersionUtil CACHE cache.
2020-04-02 15:56:28.901 logback [main] INFO  t.m.m.a.MapperCacheDisabler - Clear EntityHelper entityTableMap cache.
2020-04-02 15:56:29.119 logback [main] INFO  o.a.coyote.http11.Http11NioProtocol - Starting ProtocolHandler ["http-nio-9137"]
2020-04-02 15:56:29.140 logback [main] INFO  o.s.b.w.e.tomcat.TomcatWebServer - Tomcat started on port(s): 9137 (http) with context path ''
2020-04-02 15:56:29.144 logback [main] INFO  c.l.l.l.LdmallProductServiceApplication - Started LdmallProductServiceApplication in 6.414 seconds (JVM running for 7.984)
2020-04-02 15:56:45.221 logback [http-nio-9137-exec-1] INFO  o.a.c.c.C.[Tomcat].[localhost].[/] - Initializing Spring DispatcherServlet 'dispatcherServlet'
2020-04-02 15:56:45.221 logback [http-nio-9137-exec-1] INFO  o.s.web.servlet.DispatcherServlet - Initializing Servlet 'dispatcherServlet'
2020-04-02 15:56:45.227 logback [http-nio-9137-exec-1] INFO  o.s.web.servlet.DispatcherServlet - Completed initialization in 6 ms
2020-04-02 16:34:06.928 logback [main] INFO  c.l.l.l.test.mybatis.ConnectionTest - Starting ConnectionTest on mocar with PID 6096 (started by mocar in D:\dubbo_project\ldmall\ldmall-service\ldmall-product-service)
2020-04-02 16:34:06.928 logback [main] INFO  c.l.l.l.test.mybatis.ConnectionTest - The following profiles are active: dev
2020-04-02 16:34:09.312 logback [main] INFO  o.s.c.s.PostProcessorRegistrationDelegate$BeanPostProcessorChecker - Bean 'org.springframework.transaction.annotation.ProxyTransactionManagementConfiguration' of type [org.springframework.transaction.annotation.ProxyTransactionManagementConfiguration$$EnhancerBySpringCGLIB$$4e0d3287] is not eligible for getting processed by all BeanPostProcessors (for example: not eligible for auto-proxying)
2020-04-02 16:34:10.448 logback [main] INFO  s.d.s.w.PropertySourcedRequestMappingHandlerMapping - Mapped URL path [/v2/api-docs] onto method [public org.springframework.http.ResponseEntity<springfox.documentation.spring.web.json.Json> springfox.documentation.swagger2.web.Swagger2Controller.getDocumentation(java.lang.String,javax.servlet.http.HttpServletRequest)]
2020-04-02 16:34:11.414 logback [main] INFO  o.s.s.c.ThreadPoolTaskExecutor - Initializing ExecutorService 'applicationTaskExecutor'
2020-04-02 16:34:11.660 logback [main] INFO  t.m.m.a.MapperCacheDisabler - Clear tk.mybatis.mapper.util.MsUtil CLASS_CACHE cache.
2020-04-02 16:34:11.661 logback [main] INFO  t.m.m.a.MapperCacheDisabler - Clear tk.mybatis.mapper.genid.GenIdUtil CACHE cache.
2020-04-02 16:34:11.662 logback [main] INFO  t.m.m.a.MapperCacheDisabler - Clear tk.mybatis.mapper.version.VersionUtil CACHE cache.
2020-04-02 16:34:11.663 logback [main] INFO  t.m.m.a.MapperCacheDisabler - Clear EntityHelper entityTableMap cache.
2020-04-02 16:34:11.761 logback [main] INFO  o.s.s.c.ThreadPoolTaskExecutor - Shutting down ExecutorService 'applicationTaskExecutor'
2020-04-02 16:39:10.879 logback [main] INFO  c.l.l.l.test.mybatis.ConnectionTest - Starting ConnectionTest on mocar with PID 5464 (started by mocar in D:\dubbo_project\ldmall\ldmall-service\ldmall-product-service)
2020-04-02 16:39:10.899 logback [main] INFO  c.l.l.l.test.mybatis.ConnectionTest - The following profiles are active: dev
2020-04-02 16:39:12.964 logback [main] INFO  o.s.c.s.PostProcessorRegistrationDelegate$BeanPostProcessorChecker - Bean 'org.springframework.transaction.annotation.ProxyTransactionManagementConfiguration' of type [org.springframework.transaction.annotation.ProxyTransactionManagementConfiguration$$EnhancerBySpringCGLIB$$d0f4df78] is not eligible for getting processed by all BeanPostProcessors (for example: not eligible for auto-proxying)
2020-04-02 16:39:13.827 logback [main] INFO  s.d.s.w.PropertySourcedRequestMappingHandlerMapping - Mapped URL path [/v2/api-docs] onto method [public org.springframework.http.ResponseEntity<springfox.documentation.spring.web.json.Json> springfox.documentation.swagger2.web.Swagger2Controller.getDocumentation(java.lang.String,javax.servlet.http.HttpServletRequest)]
2020-04-02 16:39:14.547 logback [main] INFO  o.s.s.c.ThreadPoolTaskExecutor - Initializing ExecutorService 'applicationTaskExecutor'
2020-04-02 16:39:14.829 logback [main] INFO  t.m.m.a.MapperCacheDisabler - Clear tk.mybatis.mapper.util.MsUtil CLASS_CACHE cache.
2020-04-02 16:39:14.830 logback [main] INFO  t.m.m.a.MapperCacheDisabler - Clear tk.mybatis.mapper.genid.GenIdUtil CACHE cache.
2020-04-02 16:39:14.831 logback [main] INFO  t.m.m.a.MapperCacheDisabler - Clear tk.mybatis.mapper.version.VersionUtil CACHE cache.
2020-04-02 16:39:14.832 logback [main] INFO  t.m.m.a.MapperCacheDisabler - Clear EntityHelper entityTableMap cache.
2020-04-02 16:39:15.143 logback [main] INFO  s.d.s.w.p.DocumentationPluginsBootstrapper - Context refreshed
2020-04-02 16:39:15.178 logback [main] INFO  s.d.s.w.p.DocumentationPluginsBootstrapper - Found 1 custom documentation plugin(s)
2020-04-02 16:39:15.247 logback [main] INFO  s.d.s.w.s.ApiListingReferenceScanner - Scanning for api listing references
2020-04-02 16:39:15.280 logback [main] INFO  c.l.l.l.test.mybatis.ConnectionTest - Started ConnectionTest in 5.114 seconds (JVM running for 6.392)
2020-04-02 16:39:16.966 logback [main] INFO  c.alibaba.druid.pool.DruidDataSource - {dataSource-1} inited
2020-04-02 16:39:17.341 logback [Thread-2] INFO  o.s.s.c.ThreadPoolTaskExecutor - Shutting down ExecutorService 'applicationTaskExecutor'
2020-04-02 16:39:17.345 logback [Thread-2] INFO  c.alibaba.druid.pool.DruidDataSource - {dataSource-1} closed
