2020-04-03 10:37:26.504 logback [main] INFO  c.l.l.l.test.mybatis.ConnectionTest - Starting ConnectionTest on mocar with PID 22452 (started by mocar in C:\Users\mocar\Desktop\git_pull\20200403\MallProject\ldmall\ldmall-service\ldmall-product-service)
2020-04-03 10:37:26.505 logback [main] INFO  c.l.l.l.test.mybatis.ConnectionTest - The following profiles are active: dev
2020-04-03 10:37:29.133 logback [main] INFO  o.s.c.s.PostProcessorRegistrationDelegate$BeanPostProcessorChecker - Bean 'org.springframework.transaction.annotation.ProxyTransactionManagementConfiguration' of type [org.springframework.transaction.annotation.ProxyTransactionManagementConfiguration$$EnhancerBySpringCGLIB$$5dd686c4] is not eligible for getting processed by all BeanPostProcessors (for example: not eligible for auto-proxying)
2020-04-03 10:37:30.139 logback [main] INFO  s.d.s.w.PropertySourcedRequestMappingHandlerMapping - Mapped URL path [/v2/api-docs] onto method [public org.springframework.http.ResponseEntity<springfox.documentation.spring.web.json.Json> springfox.documentation.swagger2.web.Swagger2Controller.getDocumentation(java.lang.String,javax.servlet.http.HttpServletRequest)]
2020-04-03 10:44:03.316 logback [main] INFO  c.l.l.l.test.mybatis.ConnectionTest - Starting ConnectionTest on mocar with PID 20740 (started by mocar in C:\Users\mocar\Desktop\git_pull\20200403\MallProject\ldmall\ldmall-service\ldmall-product-service)
2020-04-03 10:44:03.325 logback [main] INFO  c.l.l.l.test.mybatis.ConnectionTest - The following profiles are active: dev
2020-04-03 10:44:06.077 logback [main] INFO  o.s.c.s.PostProcessorRegistrationDelegate$BeanPostProcessorChecker - Bean 'org.springframework.transaction.annotation.ProxyTransactionManagementConfiguration' of type [org.springframework.transaction.annotation.ProxyTransactionManagementConfiguration$$EnhancerBySpringCGLIB$$7a8716c0] is not eligible for getting processed by all BeanPostProcessors (for example: not eligible for auto-proxying)
2020-04-03 10:44:07.406 logback [main] INFO  s.d.s.w.PropertySourcedRequestMappingHandlerMapping - Mapped URL path [/v2/api-docs] onto method [public org.springframework.http.ResponseEntity<springfox.documentation.spring.web.json.Json> springfox.documentation.swagger2.web.Swagger2Controller.getDocumentation(java.lang.String,javax.servlet.http.HttpServletRequest)]
2020-04-03 10:44:08.476 logback [main] INFO  o.s.s.c.ThreadPoolTaskExecutor - Initializing ExecutorService 'applicationTaskExecutor'
2020-04-03 10:44:08.787 logback [main] INFO  t.m.m.a.MapperCacheDisabler - Clear tk.mybatis.mapper.util.MsUtil CLASS_CACHE cache.
2020-04-03 10:44:08.802 logback [main] INFO  t.m.m.a.MapperCacheDisabler - Clear tk.mybatis.mapper.genid.GenIdUtil CACHE cache.
2020-04-03 10:44:08.804 logback [main] INFO  t.m.m.a.MapperCacheDisabler - Clear tk.mybatis.mapper.version.VersionUtil CACHE cache.
2020-04-03 10:44:08.805 logback [main] INFO  t.m.m.a.MapperCacheDisabler - Clear EntityHelper entityTableMap cache.
2020-04-03 10:44:09.167 logback [main] INFO  s.d.s.w.p.DocumentationPluginsBootstrapper - Context refreshed
2020-04-03 10:44:09.281 logback [main] INFO  s.d.s.w.p.DocumentationPluginsBootstrapper - Found 1 custom documentation plugin(s)
2020-04-03 10:44:09.357 logback [main] INFO  s.d.s.w.s.ApiListingReferenceScanner - Scanning for api listing references
2020-04-03 10:44:09.392 logback [main] INFO  c.l.l.l.test.mybatis.ConnectionTest - Started ConnectionTest in 8.421 seconds (JVM running for 13.358)
2020-04-03 10:44:10.365 logback [main] INFO  c.alibaba.druid.pool.DruidDataSource - {dataSource-1} inited
2020-04-03 10:44:10.843 logback [Thread-2] INFO  o.s.s.c.ThreadPoolTaskExecutor - Shutting down ExecutorService 'applicationTaskExecutor'
2020-04-03 10:44:10.847 logback [Thread-2] INFO  c.alibaba.druid.pool.DruidDataSource - {dataSource-1} closed
